[2024-07-01 13:03:50Z INFO HostContext] No proxy settings were found based on environmental variables (http_proxy/https_proxy/HTTP_PROXY/HTTPS_PROXY)
[2024-07-01 13:03:50Z INFO HostContext] Well known directory 'Bin': 'C:\Projects\GitHub\EasyMarkdownEditor\actions-runner\bin'
[2024-07-01 13:03:50Z INFO HostContext] Well known directory 'Root': 'C:\Projects\GitHub\EasyMarkdownEditor\actions-runner'
[2024-07-01 13:03:50Z INFO HostContext] Well known config file 'Credentials': 'C:\Projects\GitHub\EasyMarkdownEditor\actions-runner\.credentials'
[2024-07-01 13:03:50Z INFO HostContext] Well known directory 'Bin': 'C:\Projects\GitHub\EasyMarkdownEditor\actions-runner\bin'
[2024-07-01 13:03:50Z INFO HostContext] Well known directory 'Root': 'C:\Projects\GitHub\EasyMarkdownEditor\actions-runner'
[2024-07-01 13:03:50Z INFO HostContext] Well known config file 'Runner': 'C:\Projects\GitHub\EasyMarkdownEditor\actions-runner\.runner'
[2024-07-01 13:03:50Z INFO Listener] Runner is built for Windows (X64) - win-x64.
[2024-07-01 13:03:50Z INFO Listener] RuntimeInformation: Microsoft Windows 10.0.22631.
[2024-07-01 13:03:50Z INFO Listener] Version: 2.317.0
[2024-07-01 13:03:50Z INFO Listener] Commit: 6dc005ee3690a0303e0d7269b6f60295d22dcfad
[2024-07-01 13:03:50Z INFO Listener] Culture: en-GB
[2024-07-01 13:03:50Z INFO Listener] UI Culture: en-GB
[2024-07-01 13:03:50Z INFO HostContext] Well known directory 'Bin': 'C:\Projects\GitHub\EasyMarkdownEditor\actions-runner\bin'
[2024-07-01 13:03:50Z INFO HostContext] Well known directory 'Root': 'C:\Projects\GitHub\EasyMarkdownEditor\actions-runner'
[2024-07-01 13:03:50Z INFO Listener] Validating directory permissions for: 'C:\Projects\GitHub\EasyMarkdownEditor\actions-runner'
[2024-07-01 13:03:50Z INFO CommandLineParser] Parse
[2024-07-01 13:03:50Z INFO CommandLineParser] Parsing 1 args
[2024-07-01 13:03:50Z INFO CommandLineParser] parsing argument
[2024-07-01 13:03:50Z INFO CommandLineParser] HasArgs: False
[2024-07-01 13:03:50Z INFO CommandLineParser] Adding Command: run
[2024-07-01 13:03:50Z INFO Listener] Arguments parsed
[2024-07-01 13:03:50Z INFO Runner] ExecuteCommand
[2024-07-01 13:03:50Z INFO ConfigurationStore] currentAssemblyLocation: C:\Projects\GitHub\EasyMarkdownEditor\actions-runner\bin\Runner.Listener.dll
[2024-07-01 13:03:50Z INFO HostContext] Well known directory 'Bin': 'C:\Projects\GitHub\EasyMarkdownEditor\actions-runner\bin'
[2024-07-01 13:03:50Z INFO ConfigurationStore] binPath: C:\Projects\GitHub\EasyMarkdownEditor\actions-runner\bin
[2024-07-01 13:03:50Z INFO HostContext] Well known directory 'Bin': 'C:\Projects\GitHub\EasyMarkdownEditor\actions-runner\bin'
[2024-07-01 13:03:50Z INFO HostContext] Well known directory 'Root': 'C:\Projects\GitHub\EasyMarkdownEditor\actions-runner'
[2024-07-01 13:03:50Z INFO ConfigurationStore] RootFolder: C:\Projects\GitHub\EasyMarkdownEditor\actions-runner
[2024-07-01 13:03:50Z INFO HostContext] Well known directory 'Bin': 'C:\Projects\GitHub\EasyMarkdownEditor\actions-runner\bin'
[2024-07-01 13:03:50Z INFO HostContext] Well known directory 'Root': 'C:\Projects\GitHub\EasyMarkdownEditor\actions-runner'
[2024-07-01 13:03:50Z INFO HostContext] Well known config file 'Runner': 'C:\Projects\GitHub\EasyMarkdownEditor\actions-runner\.runner'
[2024-07-01 13:03:50Z INFO ConfigurationStore] ConfigFilePath: C:\Projects\GitHub\EasyMarkdownEditor\actions-runner\.runner
[2024-07-01 13:03:50Z INFO HostContext] Well known directory 'Bin': 'C:\Projects\GitHub\EasyMarkdownEditor\actions-runner\bin'
[2024-07-01 13:03:50Z INFO HostContext] Well known directory 'Root': 'C:\Projects\GitHub\EasyMarkdownEditor\actions-runner'
[2024-07-01 13:03:50Z INFO HostContext] Well known config file 'Credentials': 'C:\Projects\GitHub\EasyMarkdownEditor\actions-runner\.credentials'
[2024-07-01 13:03:50Z INFO ConfigurationStore] CredFilePath: C:\Projects\GitHub\EasyMarkdownEditor\actions-runner\.credentials
[2024-07-01 13:03:50Z INFO HostContext] Well known directory 'Bin': 'C:\Projects\GitHub\EasyMarkdownEditor\actions-runner\bin'
[2024-07-01 13:03:50Z INFO HostContext] Well known directory 'Root': 'C:\Projects\GitHub\EasyMarkdownEditor\actions-runner'
[2024-07-01 13:03:50Z INFO HostContext] Well known config file 'MigratedCredentials': 'C:\Projects\GitHub\EasyMarkdownEditor\actions-runner\.credentials_migrated'
[2024-07-01 13:03:50Z INFO ConfigurationStore] MigratedCredFilePath: C:\Projects\GitHub\EasyMarkdownEditor\actions-runner\.credentials_migrated
[2024-07-01 13:03:50Z INFO HostContext] Well known directory 'Bin': 'C:\Projects\GitHub\EasyMarkdownEditor\actions-runner\bin'
[2024-07-01 13:03:50Z INFO HostContext] Well known directory 'Root': 'C:\Projects\GitHub\EasyMarkdownEditor\actions-runner'
[2024-07-01 13:03:50Z INFO HostContext] Well known config file 'Service': 'C:\Projects\GitHub\EasyMarkdownEditor\actions-runner\.service'
[2024-07-01 13:03:50Z INFO ConfigurationStore] ServiceConfigFilePath: C:\Projects\GitHub\EasyMarkdownEditor\actions-runner\.service
[2024-07-01 13:03:50Z INFO CommandSettings] Flag 'help': 'False'
[2024-07-01 13:03:50Z INFO CommandSettings] Flag 'version': 'False'
[2024-07-01 13:03:50Z INFO CommandSettings] Flag 'commit': 'False'
[2024-07-01 13:03:50Z INFO CommandSettings] Flag 'check': 'False'
[2024-07-01 13:03:50Z INFO CommandSettings] Command 'configure': 'False'
[2024-07-01 13:03:50Z INFO CommandSettings] Command 'remove': 'False'
[2024-07-01 13:03:50Z INFO CommandSettings] Command 'warmup': 'False'
[2024-07-01 13:03:50Z INFO ConfigurationManager] LoadSettings
[2024-07-01 13:03:50Z INFO ConfigurationStore] IsConfigured()
[2024-07-01 13:03:50Z INFO ConfigurationStore] IsConfigured: True
[2024-07-01 13:03:50Z INFO ConfigurationManager] Is configured: True
[2024-07-01 13:03:50Z INFO ConfigurationStore] Read setting file: 315 chars
[2024-07-01 13:03:50Z INFO ConfigurationManager] Settings Loaded
[2024-07-01 13:03:50Z INFO ConfigurationStore] IsServiceConfigured()
[2024-07-01 13:03:50Z INFO ConfigurationStore] IsServiceConfigured: False
[2024-07-01 13:03:50Z INFO CommandSettings] Command 'run': 'True'
[2024-07-01 13:03:50Z INFO ConfigurationStore] IsConfigured()
[2024-07-01 13:03:50Z INFO ConfigurationStore] IsConfigured: True
[2024-07-01 13:03:50Z INFO ConfigurationManager] Is configured: True
[2024-07-01 13:03:50Z INFO Runner] Could not parse the argument value '' for StartupType. Defaulting to Manual
[2024-07-01 13:03:50Z INFO Runner] Set runner startup type - Manual
[2024-07-01 13:03:50Z INFO CommandSettings] Flag 'once': 'False'
[2024-07-01 13:03:50Z INFO CommandSettings] Flag 'once': 'False'
[2024-07-01 13:03:50Z INFO Runner] RunAsync
[2024-07-01 13:03:50Z INFO ConfigurationManager] LoadSettings
[2024-07-01 13:03:50Z INFO ConfigurationStore] IsConfigured()
[2024-07-01 13:03:50Z INFO ConfigurationStore] IsConfigured: True
[2024-07-01 13:03:50Z INFO ConfigurationManager] Is configured: True
[2024-07-01 13:03:50Z INFO ConfigurationManager] Settings Loaded
[2024-07-01 13:03:50Z INFO MessageListener] {
  "AgentId": 2,
  "AgentName": "ENRICOSURFACE",
  "PoolId": 1,
  "PoolName": "Default",
  "ServerUrl": "https://pipelinesghubeus26.actions.githubusercontent.com/fnU0akQBysjrUPKAtstwm5MVB6YwAK1VEBolqrCW2PRd8HaQM5/",
  "GitHubUrl": "https://github.com/erossini/EasyMarkdownEditor",
  "WorkFolder": "_work"
}
[2024-07-01 13:03:50Z INFO MessageListener] Loading Credentials
[2024-07-01 13:03:50Z INFO ConfigurationStore] HasCredentials()
[2024-07-01 13:03:50Z INFO ConfigurationStore] stored True
[2024-07-01 13:03:50Z INFO CredentialManager] GetCredentialProvider
[2024-07-01 13:03:50Z INFO CredentialManager] Creating type OAuth
[2024-07-01 13:03:50Z INFO CredentialManager] Creating credential type: OAuth
[2024-07-01 13:03:50Z INFO HostContext] Well known directory 'Bin': 'C:\Projects\GitHub\EasyMarkdownEditor\actions-runner\bin'
[2024-07-01 13:03:50Z INFO HostContext] Well known directory 'Root': 'C:\Projects\GitHub\EasyMarkdownEditor\actions-runner'
[2024-07-01 13:03:50Z INFO HostContext] Well known config file 'RSACredentials': 'C:\Projects\GitHub\EasyMarkdownEditor\actions-runner\.credentials_rsaparams'
[2024-07-01 13:03:50Z INFO RSAEncryptedFileKeyManager] Loading RSA key parameters from file C:\Projects\GitHub\EasyMarkdownEditor\actions-runner\.credentials_rsaparams
[2024-07-01 13:03:51Z INFO MessageListener] Attempt to create session.
[2024-07-01 13:03:51Z INFO MessageListener] Connecting to the Runner Server...
[2024-07-01 13:03:51Z INFO RunnerServer] EstablishVssConnection
[2024-07-01 13:03:51Z INFO RunnerServer] Establish connection with 100 seconds timeout.
[2024-07-01 13:03:51Z INFO GitHubActionsService] Starting operation Location.GetConnectionData
[2024-07-01 13:03:51Z INFO RunnerServer] EstablishVssConnection
[2024-07-01 13:03:51Z INFO RunnerServer] Establish connection with 60 seconds timeout.
[2024-07-01 13:03:51Z INFO GitHubActionsService] Starting operation Location.GetConnectionData
[2024-07-01 13:03:51Z INFO RunnerServer] EstablishVssConnection
[2024-07-01 13:03:51Z INFO RunnerServer] Establish connection with 60 seconds timeout.
[2024-07-01 13:03:51Z INFO GitHubActionsService] Starting operation Location.GetConnectionData
[2024-07-01 13:03:51Z INFO GitHubActionsService] Finished operation Location.GetConnectionData
[2024-07-01 13:03:51Z INFO GitHubActionsService] Finished operation Location.GetConnectionData
[2024-07-01 13:03:51Z INFO GitHubActionsService] Finished operation Location.GetConnectionData
[2024-07-01 13:03:51Z INFO MessageListener] VssConnection created
[2024-07-01 13:03:51Z INFO Terminal] WRITE LINE: 
[2024-07-01 13:03:51Z INFO Terminal] WRITE LINE: 
[2024-07-01 13:03:51Z INFO RSAEncryptedFileKeyManager] Loading RSA key parameters from file C:\Projects\GitHub\EasyMarkdownEditor\actions-runner\.credentials_rsaparams
[2024-07-01 13:03:51Z INFO RSAEncryptedFileKeyManager] Loading RSA key parameters from file C:\Projects\GitHub\EasyMarkdownEditor\actions-runner\.credentials_rsaparams
[2024-07-01 13:03:52Z INFO GitHubActionsService] AAD Correlation ID for this token request: Unknown
[2024-07-01 13:03:52Z INFO MessageListener] Session created.
[2024-07-01 13:03:52Z INFO Terminal] WRITE LINE: Current runner version: '2.317.0'
[2024-07-01 13:03:52Z INFO Terminal] WRITE LINE: 2024-07-01 13:03:52Z: Listening for Jobs
[2024-07-01 13:03:52Z INFO JobDispatcher] Set runner/worker IPC timeout to 30 seconds.
[2024-07-01 13:05:16Z INFO HostContext] Runner will be shutdown for UserCancelled
[2024-07-01 13:05:16Z WARN GitHubActionsService] GET request to https://pipelinesghubeus26.actions.githubusercontent.com/fnU0akQBysjrUPKAtstwm5MVB6YwAK1VEBolqrCW2PRd8HaQM5/_apis/distributedtask/pools/1/messages?sessionId=ed7cb24e-e7e5-47a1-993c-abffa3fb8af2&status=Online&runnerVersion=2.317.0&os=Windows&architecture=X64&disableUpdate=false has been cancelled.
[2024-07-01 13:05:16Z INFO MessageListener] Get next message has been cancelled.
[2024-07-01 13:05:16Z INFO JobDispatcher] Shutting down JobDispatcher. Make sure all WorkerDispatcher has finished.
[2024-07-01 13:05:16Z INFO Runner] Deleting Runner Session...
[2024-07-01 13:05:17Z INFO Listener] Runner execution been cancelled.
